\BOOKMARK [1][-]{section.1}{\376\377\000A\000d\000d\000i\000t\000i\000o\000n\000a\000l\000\040\000P\000r\000o\000b\000l\000e\000m\000s\000\040\000I\000I}{}% 1
\BOOKMARK [2][-]{subsubsection.1.0.1}{\376\377\000G\000C\000D\000\137\000S\000u\000b\000s\000e\000t\000s}{section.1}% 2
\BOOKMARK [1][-]{section.2}{\376\377\000B\000i\000t\000w\000i\000s\000e\000\040\000O\000p\000e\000r\000a\000t\000i\000o\000n\000s}{}% 3
\BOOKMARK [2][-]{subsubsection.2.0.1}{\376\377\000A\000l\000l\000\137\000S\000u\000b\000a\000r\000r\000a\000y\000\137\000X\000o\000r\000s}{section.2}% 4
\BOOKMARK [3][-]{subsubsection.2.0.2}{\376\377\000C\000o\000u\000n\000t\000i\000n\000g\000\137\000B\000i\000t\000s}{subsubsection.2.0.1}% 5
\BOOKMARK [3][-]{subsubsection.2.0.3}{\376\377\000K\000\137\000S\000u\000b\000s\000e\000t\000\137\000X\000o\000r\000s}{subsubsection.2.0.1}% 6
\BOOKMARK [3][-]{subsubsection.2.0.4}{\376\377\000M\000a\000x\000i\000m\000u\000m\000\137\000X\000o\000r\000\137\000S\000u\000b\000a\000r\000r\000a\000y}{subsubsection.2.0.1}% 7
\BOOKMARK [3][-]{subsubsection.2.0.5}{\376\377\000M\000a\000x\000i\000m\000u\000m\000\137\000X\000o\000r\000\137\000S\000u\000b\000s\000e\000t}{subsubsection.2.0.1}% 8
\BOOKMARK [3][-]{subsubsection.2.0.6}{\376\377\000N\000u\000m\000b\000e\000r\000\137\000o\000f\000\137\000S\000u\000b\000s\000e\000t\000\137\000X\000o\000r\000s}{subsubsection.2.0.1}% 9
\BOOKMARK [3][-]{subsubsection.2.0.7}{\376\377\000X\000o\000r\000\137\000P\000y\000r\000a\000m\000i\000d\000\137\000P\000e\000a\000k}{subsubsection.2.0.1}% 10
\BOOKMARK [1][-]{section.3}{\376\377\000D\000y\000n\000a\000m\000i\000c\000\040\000P\000r\000o\000g\000r\000a\000m\000m\000i\000n\000g}{}% 11
\BOOKMARK [2][-]{subsubsection.3.0.1}{\376\377\000B\000o\000o\000k\000\137\000S\000h\000o\000p}{section.3}% 12
\BOOKMARK [3][-]{subsubsection.3.0.2}{\376\377\000C\000o\000i\000n\000\137\000C\000o\000m\000b\000i\000n\000a\000t\000i\000o\000n\000s}{subsubsection.3.0.1}% 13
\BOOKMARK [3][-]{subsubsection.3.0.3}{\376\377\000C\000o\000i\000n\000\137\000C\000o\000m\000b\000i\000n\000a\000t\000i\000o\000n\000s\000\137\000I\000I}{subsubsection.3.0.1}% 14
\BOOKMARK [3][-]{subsubsection.3.0.4}{\376\377\000D\000i\000c\000e\000\137\000C\000o\000m\000b\000i\000n\000a\000t\000i\000o\000n\000s}{subsubsection.3.0.1}% 15
\BOOKMARK [3][-]{subsubsection.3.0.5}{\376\377\000E\000d\000i\000t\000\137\000D\000i\000s\000t\000a\000n\000c\000e}{subsubsection.3.0.1}% 16
\BOOKMARK [3][-]{subsubsection.3.0.6}{\376\377\000G\000r\000i\000d\000\137\000P\000a\000t\000h\000s\000\137\000I}{subsubsection.3.0.1}% 17
\BOOKMARK [3][-]{subsubsection.3.0.7}{\376\377\000L\000o\000n\000g\000e\000s\000t\000\137\000C\000o\000m\000m\000o\000n\000\137\000S\000u\000b\000s\000e\000q\000u\000e\000n\000c\000e}{subsubsection.3.0.1}% 18
\BOOKMARK [3][-]{subsubsection.3.0.8}{\376\377\000L\000o\000n\000g\000e\000s\000t\000\137\000C\000o\000m\000m\000o\000n\000\137\000S\000u\000b\000s\000e\000q\000u\000e\000n\000c\000e\000s}{subsubsection.3.0.1}% 19
\BOOKMARK [3][-]{subsubsection.3.0.9}{\376\377\000M\000i\000n\000i\000m\000i\000z\000i\000n\000g\000\137\000C\000o\000i\000n\000s}{subsubsection.3.0.1}% 20
\BOOKMARK [3][-]{subsubsection.3.0.10}{\376\377\000M\000o\000n\000e\000y\000\040\000S\000u\000m\000s}{subsubsection.3.0.1}% 21
\BOOKMARK [3][-]{subsubsection.3.0.11}{\376\377\000R\000e\000c\000t\000a\000n\000g\000l\000e\000\137\000C\000u\000t\000t\000i\000n\000g}{subsubsection.3.0.1}% 22
\BOOKMARK [3][-]{subsubsection.3.0.12}{\376\377\000R\000e\000m\000o\000v\000i\000n\000g\000\137\000D\000i\000g\000i\000t\000s}{subsubsection.3.0.1}% 23
\BOOKMARK [1][-]{section.4}{\376\377\000G\000e\000o\000m\000e\000t\000r\000y}{}% 24
\BOOKMARK [2][-]{subsubsection.4.0.1}{\376\377\000A\000l\000l\000\137\000M\000a\000n\000h\000a\000t\000t\000a\000n\000\137\000D\000I\000s\000t\000a\000n\000c\000e\000s}{section.4}% 25
\BOOKMARK [3][-]{subsubsection.4.0.2}{\376\377\000A\000r\000e\000a\000\137\000o\000f\000\137\000R\000e\000c\000t\000a\000n\000g\000l\000e\000s}{subsubsection.4.0.1}% 26
\BOOKMARK [3][-]{subsubsection.4.0.3}{\376\377\000C\000o\000n\000v\000e\000x\000\137\000H\000u\000l\000l}{subsubsection.4.0.1}% 27
\BOOKMARK [3][-]{subsubsection.4.0.4}{\376\377\000I\000n\000t\000e\000r\000s\000e\000c\000t\000i\000o\000n\000\137\000P\000o\000i\000n\000t\000s}{subsubsection.4.0.1}% 28
\BOOKMARK [3][-]{subsubsection.4.0.5}{\376\377\000L\000i\000n\000e\000s\000\137\000A\000n\000d\000\137\000Q\000u\000e\000r\000i\000e\000s\000\137\000I}{subsubsection.4.0.1}% 29
\BOOKMARK [3][-]{subsubsection.4.0.6}{\376\377\000L\000i\000n\000e\000s\000\137\000A\000n\000d\000\137\000Q\000u\000e\000r\000i\000e\000s\000\137\000I\000I}{subsubsection.4.0.1}% 30
\BOOKMARK [3][-]{subsubsection.4.0.7}{\376\377\000L\000i\000n\000e\000\137\000S\000e\000g\000m\000e\000n\000t\000\137\000I\000n\000t\000e\000r\000s\000e\000c\000t\000i\000o\000n}{subsubsection.4.0.1}% 31
\BOOKMARK [3][-]{subsubsection.4.0.8}{\376\377\000L\000i\000n\000e\000\137\000S\000e\000g\000m\000e\000n\000t\000s\000\137\000T\000r\000a\000c\000e\000\040\000I\000I}{subsubsection.4.0.1}% 32
\BOOKMARK [3][-]{subsubsection.4.0.9}{\376\377\000L\000i\000n\000e\000\137\000S\000e\000g\000m\000e\000n\000t\000\137\000T\000r\000a\000c\000e\000\137\000I}{subsubsection.4.0.1}% 33
\BOOKMARK [3][-]{subsubsection.4.0.10}{\376\377\000M\000a\000x\000i\000m\000u\000m\000\137\000M\000a\000n\000h\000a\000t\000t\000a\000n\000\137\000D\000i\000s\000t\000a\000n\000c\000e\000s}{subsubsection.4.0.1}% 34
\BOOKMARK [3][-]{subsubsection.4.0.11}{\376\377\000M\000i\000n\000i\000m\000u\000m\000\137\000E\000u\000c\000l\000i\000d\000e\000a\000n\000\137\000D\000i\000s\000t\000a\000n\000c\000e}{subsubsection.4.0.1}% 35
\BOOKMARK [3][-]{subsubsection.4.0.12}{\376\377\000P\000o\000i\000n\000t\000\137\000i\000n\000\137\000P\000o\000l\000y\000g\000o\000n}{subsubsection.4.0.1}% 36
\BOOKMARK [3][-]{subsubsection.4.0.13}{\376\377\000P\000o\000i\000n\000t\000\137\000L\000o\000c\000a\000t\000i\000o\000n\000\137\000T\000e\000s\000t}{subsubsection.4.0.1}% 37
\BOOKMARK [3][-]{subsubsection.4.0.14}{\376\377\000P\000o\000l\000y\000g\000o\000n\000\137\000A\000r\000e\000a}{subsubsection.4.0.1}% 38
\BOOKMARK [3][-]{subsubsection.4.0.15}{\376\377\000P\000o\000l\000y\000g\000o\000n\000\137\000L\000a\000t\000t\000i\000c\000e\000\137\000P\000o\000i\000n\000t\000s}{subsubsection.4.0.1}% 39
\BOOKMARK [1][-]{section.5}{\376\377\000G\000r\000a\000p\000h\000\040\000A\000l\000g\000o\000r\000i\000t\000h\000m\000s}{}% 40
\BOOKMARK [2][-]{subsubsection.5.0.1}{\376\377\000C\000y\000c\000l\000e\000\137\000F\000i\000n\000d\000i\000n\000g}{section.5}% 41
\BOOKMARK [3][-]{subsubsection.5.0.2}{\376\377\000F\000l\000i\000g\000h\000t\000\137\000R\000o\000u\000t\000e\000s}{subsubsection.5.0.1}% 42
\BOOKMARK [3][-]{subsubsection.5.0.3}{\376\377\000G\000a\000m\000e\000\137\000L\000e\000v\000e\000l\000s}{subsubsection.5.0.1}% 43
\BOOKMARK [3][-]{subsubsection.5.0.4}{\376\377\000H\000I\000g\000h\000\137\000S\000c\000o\000r\000e}{subsubsection.5.0.1}% 44
\BOOKMARK [3][-]{subsubsection.5.0.5}{\376\377\000L\000o\000n\000g\000e\000s\000t\000\137\000F\000l\000i\000g\000h\000t\000\137\000R\000o\000u\000t\000e}{subsubsection.5.0.1}% 45
\BOOKMARK [3][-]{subsubsection.5.0.6}{\376\377\000M\000o\000n\000s\000t\000e\000r\000s}{subsubsection.5.0.1}% 46
\BOOKMARK [3][-]{subsubsection.5.0.7}{\376\377\000R\000o\000u\000n\000d\000\137\000T\000r\000i\000p}{subsubsection.5.0.1}% 47
\BOOKMARK [3][-]{subsubsection.5.0.8}{\376\377\000R\000o\000u\000n\000d\000\137\000T\000r\000i\000p\000\137\000I\000I}{subsubsection.5.0.1}% 48
\BOOKMARK [3][-]{subsubsection.5.0.9}{\376\377\000S\000h\000o\000r\000t\000e\000s\000t\000\137\000R\000o\000u\000t\000e\000s}{subsubsection.5.0.1}% 49
\BOOKMARK [3][-]{subsubsection.5.0.10}{\376\377\000S\000h\000o\000r\000t\000e\000s\000t\000\137\000R\000o\000u\000t\000e\000s\000\137\000I\000I}{subsubsection.5.0.1}% 50
\BOOKMARK [1][-]{section.6}{\376\377\000I\000n\000t\000r\000o\000d\000u\000c\000t\000o\000r\000y\000\040\000P\000r\000o\000b\000l\000e\000m\000s}{}% 51
\BOOKMARK [2][-]{subsubsection.6.0.1}{\376\377\000A\000p\000p\000l\000e\000\137\000D\000i\000v\000i\000s\000i\000o\000n}{section.6}% 52
\BOOKMARK [3][-]{subsubsection.6.0.2}{\376\377\000B\000i\000t\000\137\000S\000t\000r\000i\000n\000g\000s}{subsubsection.6.0.1}% 53
\BOOKMARK [3][-]{subsubsection.6.0.3}{\376\377\000C\000o\000i\000n\000\137\000P\000i\000l\000e\000s}{subsubsection.6.0.1}% 54
\BOOKMARK [3][-]{subsubsection.6.0.4}{\376\377\000C\000r\000e\000a\000t\000i\000n\000g\000\137\000S\000t\000r\000i\000n\000g\000s}{subsubsection.6.0.1}% 55
\BOOKMARK [3][-]{subsubsection.6.0.5}{\376\377\000G\000r\000a\000y\000\137\000C\000o\000d\000e}{subsubsection.6.0.1}% 56
\BOOKMARK [3][-]{subsubsection.6.0.6}{\376\377\000I\000n\000c\000r\000e\000a\000s\000i\000n\000g\000\137\000A\000r\000r\000a\000y}{subsubsection.6.0.1}% 57
\BOOKMARK [3][-]{subsubsection.6.0.7}{\376\377\000M\000i\000s\000s\000i\000n\000g\000\137\000N\000u\000m\000b\000e\000r}{subsubsection.6.0.1}% 58
\BOOKMARK [3][-]{subsubsection.6.0.8}{\376\377\000P\000a\000l\000i\000n\000d\000r\000o\000m\000e\000\137\000R\000e\000o\000r\000d\000e\000r}{subsubsection.6.0.1}% 59
\BOOKMARK [3][-]{subsubsection.6.0.9}{\376\377\000P\000e\000r\000m\000u\000t\000a\000t\000i\000o\000n}{subsubsection.6.0.1}% 60
\BOOKMARK [3][-]{subsubsection.6.0.10}{\376\377\000R\000e\000p\000e\000i\000t\000i\000o\000n\000s}{subsubsection.6.0.1}% 61
\BOOKMARK [3][-]{subsubsection.6.0.11}{\376\377\000S\000t\000r\000i\000n\000g\000\137\000R\000e\000o\000r\000d\000e\000r}{subsubsection.6.0.1}% 62
\BOOKMARK [3][-]{subsubsection.6.0.12}{\376\377\000T\000r\000a\000i\000l\000i\000n\000g\000\137\000Z\000e\000r\000o\000s}{subsubsection.6.0.1}% 63
\BOOKMARK [3][-]{subsubsection.6.0.13}{\376\377\000T\000w\000o\000\137\000K\000n\000i\000g\000h\000t\000s}{subsubsection.6.0.1}% 64
\BOOKMARK [3][-]{subsubsection.6.0.14}{\376\377\000T\000w\000o\000\137\000S\000e\000t\000s}{subsubsection.6.0.1}% 65
\BOOKMARK [3][-]{subsubsection.6.0.15}{\376\377\000W\000e\000i\000r\000d\000\137\000A\000l\000g\000o\000r\000i\000t\000h\000m}{subsubsection.6.0.1}% 66
\BOOKMARK [1][-]{section.7}{\376\377\000M\000a\000t\000h\000e\000m\000a\000t\000i\000c\000s}{}% 67
\BOOKMARK [2][-]{subsubsection.7.0.1}{\376\377\000B\000r\000a\000c\000k\000e\000t\000\137\000S\000e\000q\000u\000e\000n\000c\000e\000s\000\137\000I}{section.7}% 68
\BOOKMARK [3][-]{subsubsection.7.0.2}{\376\377\000C\000h\000r\000i\000s\000t\000m\000a\000s\000\137\000P\000a\000r\000t\000y}{subsubsection.7.0.1}% 69
\BOOKMARK [3][-]{subsubsection.7.0.3}{\376\377\000C\000o\000m\000m\000o\000n\000\137\000D\000i\000v\000i\000s\000o\000r\000s}{subsubsection.7.0.1}% 70
\BOOKMARK [3][-]{subsubsection.7.0.4}{\376\377\000D\000i\000s\000t\000r\000i\000b\000u\000i\000t\000i\000n\000g\000\137\000A\000p\000p\000l\000e\000s}{subsubsection.7.0.1}% 71
\BOOKMARK [3][-]{subsubsection.7.0.5}{\376\377\000D\000i\000v\000i\000s\000o\000r\000\137\000A\000n\000a\000l\000y\000s\000i\000s}{subsubsection.7.0.1}% 72
\BOOKMARK [3][-]{subsubsection.7.0.6}{\376\377\000E\000x\000p\000o\000n\000e\000n\000t\000i\000a\000t\000i\000o\000n\000\137\000I\000I}{subsubsection.7.0.1}% 73
\BOOKMARK [3][-]{subsubsection.7.0.7}{\376\377\000N\000e\000x\000t\000\137\000P\000r\000i\000m\000e}{subsubsection.7.0.1}% 74
\BOOKMARK [3][-]{subsubsection.7.0.8}{\376\377\000S\000u\000m\000\137\000O\000f\000\137\000D\000i\000v\000i\000s\000o\000r\000s}{subsubsection.7.0.1}% 75
\BOOKMARK [1][-]{section.8}{\376\377\000R\000a\000n\000g\000e\000\040\000Q\000u\000e\000r\000i\000e\000s}{}% 76
\BOOKMARK [2][-]{subsubsection.8.0.1}{\376\377\000D\000i\000s\000t\000i\000n\000c\000t\000\137\000V\000a\000l\000u\000e\000s\000\137\000Q\000u\000e\000r\000i\000e\000s}{section.8}% 77
\BOOKMARK [3][-]{subsubsection.8.0.2}{\376\377\000D\000i\000s\000t\000i\000n\000c\000t\000\137\000V\000a\000l\000u\000e\000s\000\137\000Q\000u\000e\000r\000i\000e\000s\000\137\000I\000I}{subsubsection.8.0.1}% 78
\BOOKMARK [3][-]{subsubsection.8.0.3}{\376\377\000F\000o\000r\000e\000s\000t\000\137\000Q\000u\000i\000e\000r\000i\000e\000s}{subsubsection.8.0.1}% 79
\BOOKMARK [3][-]{subsubsection.8.0.4}{\376\377\000H\000o\000t\000e\000l\000\137\000Q\000u\000e\000r\000i\000e\000s}{subsubsection.8.0.1}% 80
\BOOKMARK [3][-]{subsubsection.8.0.5}{\376\377\000L\000i\000s\000t\000\137\000R\000e\000m\000o\000v\000a\000l\000s}{subsubsection.8.0.1}% 81
\BOOKMARK [3][-]{subsubsection.8.0.6}{\376\377\000M\000i\000s\000s\000i\000n\000g\000\137\000C\000o\000i\000n\000\137\000S\000u\000m\000\137\000Q\000u\000e\000r\000i\000e\000s}{subsubsection.8.0.1}% 82
\BOOKMARK [3][-]{subsubsection.8.0.7}{\376\377\000P\000i\000z\000z\000e\000r\000i\000a\000\137\000Q\000u\000e\000r\000i\000e\000s}{subsubsection.8.0.1}% 83
\BOOKMARK [3][-]{subsubsection.8.0.8}{\376\377\000P\000o\000l\000y\000n\000o\000m\000i\000a\000l\000\137\000Q\000u\000i\000e\000r\000i\000e\000s}{subsubsection.8.0.1}% 84
\BOOKMARK [3][-]{subsubsection.8.0.9}{\376\377\000P\000r\000e\000f\000i\000x\000\137\000S\000u\000m\000\137\000Q\000u\000e\000r\000i\000e\000s}{subsubsection.8.0.1}% 85
\BOOKMARK [3][-]{subsubsection.8.0.10}{\376\377\000R\000a\000n\000g\000e\000\137\000I\000n\000t\000e\000r\000v\000a\000l\000\137\000Q\000u\000e\000r\000i\000e\000s}{subsubsection.8.0.1}% 86
\BOOKMARK [3][-]{subsubsection.8.0.11}{\376\377\000R\000a\000n\000g\000e\000\137\000Q\000u\000e\000r\000i\000e\000s\000\137\000a\000n\000d\000\137\000C\000o\000p\000i\000e\000s}{subsubsection.8.0.1}% 87
\BOOKMARK [3][-]{subsubsection.8.0.12}{\376\377\000R\000a\000n\000g\000e\000\137\000U\000p\000d\000a\000t\000e\000\137\000Q\000u\000e\000r\000i\000e\000s}{subsubsection.8.0.1}% 88
\BOOKMARK [3][-]{subsubsection.8.0.13}{\376\377\000S\000a\000l\000a\000r\000y\000\137\000Q\000u\000e\000r\000y\000s}{subsubsection.8.0.1}% 89
\BOOKMARK [3][-]{subsubsection.8.0.14}{\376\377\000S\000u\000b\000a\000r\000r\000a\000y\000\137\000S\000u\000m\000\137\000Q\000u\000e\000r\000i\000e\000s}{subsubsection.8.0.1}% 90
\BOOKMARK [3][-]{subsubsection.8.0.15}{\376\377\000S\000u\000b\000a\000r\000r\000a\000y\000\137\000S\000u\000m\000\137\000Q\000u\000e\000r\000i\000e\000s\000\137\000I\000I}{subsubsection.8.0.1}% 91
\BOOKMARK [1][-]{section.9}{\376\377\000S\000l\000i\000d\000i\000n\000g\000\040\000W\000i\000n\000d\000o\000w}{}% 92
\BOOKMARK [2][-]{subsubsection.9.0.1}{\376\377\000S\000l\000i\000d\000i\000n\000g\000\137\000W\000i\000n\000d\000o\000w\000\137\000M\000e\000d\000i\000a\000n}{section.9}% 93
\BOOKMARK [1][-]{section.10}{\376\377\000S\000o\000r\000t\000i\000n\000g\000\040\000a\000n\000d\000\040\000S\000e\000a\000r\000c\000h\000i\000n\000g}{}% 94
\BOOKMARK [2][-]{subsubsection.10.0.1}{\376\377\000A\000r\000r\000a\000y\000\137\000D\000i\000v\000i\000s\000i\000o\000n}{section.10}% 95
\BOOKMARK [3][-]{subsubsection.10.0.2}{\376\377\000C\000o\000l\000l\000e\000c\000t\000i\000n\000g\000\137\000N\000u\000m\000b\000e\000r\000s}{subsubsection.10.0.1}% 96
\BOOKMARK [3][-]{subsubsection.10.0.3}{\376\377\000C\000o\000l\000l\000e\000c\000t\000i\000n\000g\000\137\000N\000u\000m\000b\000e\000r\000s\000\137\000I\000I}{subsubsection.10.0.1}% 97
\BOOKMARK [3][-]{subsubsection.10.0.4}{\376\377\000C\000o\000n\000c\000e\000r\000t\000\137\000T\000i\000c\000k\000e\000t\000s}{subsubsection.10.0.1}% 98
\BOOKMARK [3][-]{subsubsection.10.0.5}{\376\377\000D\000i\000s\000t\000i\000n\000c\000t\000\137\000N\000u\000m\000b\000e\000r\000s}{subsubsection.10.0.1}% 99
\BOOKMARK [3][-]{subsubsection.10.0.6}{\376\377\000D\000i\000s\000t\000i\000n\000c\000t\000\137\000V\000a\000l\000u\000e\000s\000\137\000S\000u\000b\000a\000r\000r\000a\000y}{subsubsection.10.0.1}% 100
\BOOKMARK [3][-]{subsubsection.10.0.7}{\376\377\000D\000i\000s\000t\000i\000n\000c\000t\000\137\000V\000a\000l\000u\000e\000s\000\137\000S\000u\000b\000a\000r\000r\000a\000y\000s\000\137\000I\000I}{subsubsection.10.0.1}% 101
\BOOKMARK [3][-]{subsubsection.10.0.8}{\376\377\000D\000i\000s\000t\000i\000n\000c\000t\000\137\000V\000a\000l\000u\000e\000s\000\137\000S\000u\000b\000s\000e\000q\000u\000e\000n\000c\000e\000s}{subsubsection.10.0.1}% 102
\BOOKMARK [3][-]{subsubsection.10.0.9}{\376\377\000F\000a\000c\000t\000o\000r\000y\000\137\000M\000a\000c\000h\000i\000n\000e\000s}{subsubsection.10.0.1}% 103
\BOOKMARK [3][-]{subsubsection.10.0.10}{\376\377\000F\000a\000c\000t\000o\000r\000y\000\137\000M\000a\000c\000h\000i\000n\000e\000s}{subsubsection.10.0.1}% 104
\BOOKMARK [3][-]{subsubsection.10.0.11}{\376\377\000F\000e\000r\000r\000i\000s\000\137\000W\000h\000e\000e\000l}{subsubsection.10.0.1}% 105
\BOOKMARK [3][-]{subsubsection.10.0.12}{\376\377\000J\000o\000s\000e\000p\000h\000u\000s\000\137\000P\000r\000o\000b\000l\000e\000m\000\137\000I}{subsubsection.10.0.1}% 106
\BOOKMARK [3][-]{subsubsection.10.0.13}{\376\377\000J\000o\000s\000e\000p\000h\000u\000s\000\137\000P\000r\000o\000b\000l\000e\000m\000\137\000I\000I}{subsubsection.10.0.1}% 107
\BOOKMARK [3][-]{subsubsection.10.0.14}{\376\377\000M\000a\000x\000i\000m\000u\000m\000\137\000S\000u\000b\000a\000r\000r\000a\000y\000\137\000S\000u\000m}{subsubsection.10.0.1}% 108
\BOOKMARK [3][-]{subsubsection.10.0.15}{\376\377\000M\000a\000x\000i\000m\000u\000m\000\137\000S\000u\000b\000a\000r\000r\000a\000y\000\137\000S\000u\000m\000\137\000I\000I}{subsubsection.10.0.1}% 109
\BOOKMARK [3][-]{subsubsection.10.0.16}{\376\377\000M\000i\000s\000s\000i\000n\000g\000\137\000C\000o\000i\000n\000\137\000S\000u\000m}{subsubsection.10.0.1}% 110
\BOOKMARK [3][-]{subsubsection.10.0.17}{\376\377\000M\000o\000v\000i\000e\000\137\000F\000e\000s\000t\000i\000v\000a\000l}{subsubsection.10.0.1}% 111
\BOOKMARK [3][-]{subsubsection.10.0.18}{\376\377\000M\000o\000v\000i\000e\000\137\000F\000e\000s\000t\000i\000v\000a\000l\000\137\000I\000I}{subsubsection.10.0.1}% 112
\BOOKMARK [3][-]{subsubsection.10.0.19}{\376\377\000N\000e\000a\000r\000e\000s\000t\000\137\000S\000m\000a\000l\000l\000e\000r\000\137\000V\000a\000l\000u\000e\000s}{subsubsection.10.0.1}% 113
\BOOKMARK [3][-]{subsubsection.10.0.20}{\376\377\000N\000e\000s\000t\000e\000d\000\137\000R\000a\000n\000g\000e\000s\000\137\000C\000h\000e\000c\000k}{subsubsection.10.0.1}% 114
\BOOKMARK [3][-]{subsubsection.10.0.21}{\376\377\000N\000e\000s\000t\000e\000d\000\137\000R\000a\000n\000g\000e\000s\000\137\000C\000o\000u\000n\000t}{subsubsection.10.0.1}% 115
\BOOKMARK [3][-]{subsubsection.10.0.22}{\376\377\000P\000l\000a\000y\000l\000i\000s\000t}{subsubsection.10.0.1}% 116
\BOOKMARK [3][-]{subsubsection.10.0.23}{\376\377\000R\000e\000a\000d\000i\000n\000g\000\137\000B\000o\000o\000k\000s}{subsubsection.10.0.1}% 117
\BOOKMARK [3][-]{subsubsection.10.0.24}{\376\377\000R\000e\000s\000t\000a\000u\000r\000a\000n\000t\000\137\000C\000u\000s\000t\000o\000m\000e\000r\000s}{subsubsection.10.0.1}% 118
\BOOKMARK [3][-]{subsubsection.10.0.25}{\376\377\000R\000o\000o\000m\000\137\000A\000l\000l\000o\000c\000a\000t\000i\000o\000n}{subsubsection.10.0.1}% 119
\BOOKMARK [3][-]{subsubsection.10.0.26}{\376\377\000S\000t\000i\000c\000k\000\137\000L\000e\000n\000g\000t\000h\000s}{subsubsection.10.0.1}% 120
\BOOKMARK [3][-]{subsubsection.10.0.27}{\376\377\000S\000u\000b\000a\000r\000r\000a\000y\000\137\000D\000i\000v\000i\000s\000i\000b\000i\000l\000i\000t\000y}{subsubsection.10.0.1}% 121
\BOOKMARK [3][-]{subsubsection.10.0.28}{\376\377\000S\000u\000b\000a\000r\000r\000a\000y\000\137\000S\000u\000m\000s\000\137\000I}{subsubsection.10.0.1}% 122
\BOOKMARK [3][-]{subsubsection.10.0.29}{\376\377\000S\000u\000b\000a\000r\000r\000a\000y\000\137\000S\000u\000m\000s\000\137\000I\000I}{subsubsection.10.0.1}% 123
\BOOKMARK [3][-]{subsubsection.10.0.30}{\376\377\000S\000u\000m\000\137\000o\000f\000\137\000F\000o\000u\000r\000\137\000V\000a\000l\000u\000e\000s}{subsubsection.10.0.1}% 124
\BOOKMARK [3][-]{subsubsection.10.0.31}{\376\377\000S\000u\000m\000\137\000o\000f\000\137\000T\000h\000r\000e\000e\000\137\000V\000a\000l\000u\000e\000s}{subsubsection.10.0.1}% 125
\BOOKMARK [3][-]{subsubsection.10.0.32}{\376\377\000S\000u\000m\000\137\000o\000f\000\137\000T\000w\000o\000\137\000V\000a\000l\000u\000e\000s}{subsubsection.10.0.1}% 126
\BOOKMARK [3][-]{subsubsection.10.0.33}{\376\377\000T\000a\000s\000k\000s\000\137\000a\000n\000d\000\137\000D\000e\000a\000d\000l\000i\000n\000e\000s}{subsubsection.10.0.1}% 127
\BOOKMARK [3][-]{subsubsection.10.0.34}{\376\377\000T\000o\000w\000e\000r\000s}{subsubsection.10.0.1}% 128
\BOOKMARK [3][-]{subsubsection.10.0.35}{\376\377\000T\000r\000a\000f\000f\000i\000c\000\137\000L\000i\000g\000h\000t\000s}{subsubsection.10.0.1}% 129
\BOOKMARK [1][-]{section.11}{\376\377\000S\000t\000r\000i\000n\000g\000\040\000A\000l\000g\000o\000r\000i\000t\000h\000m\000s}{}% 130
\BOOKMARK [2][-]{subsubsection.11.0.1}{\376\377\000F\000i\000n\000d\000i\000n\000g\000\137\000B\000o\000r\000d\000e\000r\000s}{section.11}% 131
\BOOKMARK [3][-]{subsubsection.11.0.2}{\376\377\000L\000o\000n\000g\000e\000s\000t\000\137\000P\000a\000l\000i\000n\000d\000r\000o\000m\000e}{subsubsection.11.0.1}% 132
\BOOKMARK [3][-]{subsubsection.11.0.3}{\376\377\000P\000a\000l\000i\000n\000d\000r\000o\000m\000e\000\137\000Q\000u\000e\000r\000i\000e\000s\000\137\000B\000I\000T}{subsubsection.11.0.1}% 133
\BOOKMARK [3][-]{subsubsection.11.0.4}{\376\377\000P\000a\000l\000i\000n\000d\000r\000o\000m\000e\000\137\000Q\000u\000e\000r\000i\000e\000s}{subsubsection.11.0.1}% 134
\BOOKMARK [1][-]{section.12}{\376\377\000T\000r\000e\000e\000\040\000A\000l\000g\000o\000r\000i\000t\000h\000m\000s}{}% 135
\BOOKMARK [2][-]{subsubsection.12.0.1}{\376\377\000D\000i\000s\000t\000i\000n\000c\000t\000\137\000C\000o\000l\000o\000r\000s}{section.12}% 136
